<?xml version="1.0" encoding="UTF-8" ?>
<testsuite failures="0" time="2.425" errors="0" skipped="0" tests="3" name="org.davebcn.ukemi.TestUkemiServer">
  <properties>
[...]
</properties>
  <testcase time="1.004" classname="org.davebcn.ukemi.TestUkemiServer" name="testBasicRequest"/>
  <testcase time="0.058" classname="org.davebcn.ukemi.TestUkemiServer" name="testBasicRepoWithOneFile"/>
  <testcase time="1.283" classname="org.davebcn.ukemi.TestUkemiServer" name="testPutFileCreatesEncryptedFile"/>
</testsuite>